<?xml version="1.0" encoding="UTF-8"?>
<!-- Generated by org.testng.reporters.JUnitReportReporter -->
<testsuite hostname="DESKTOP-E3FNQHB" failures="0" tests="2" name="com.project.test.Test_commonpage_001" time="1.800" errors="0" timestamp="2022-10-21T16:37:26 IST" skipped="0">
  <testcase classname="com.project.test.Test_commonpage_001" name="commontest" time="0.906"/>
  <system-out/>
  <testcase classname="com.project.test.Test_commonpage_001" name="commontest" time="0.894"/>
  <system-out/>
</testsuite> <!-- com.project.test.Test_commonpage_001 -->
