<?xml version="1.0" encoding="UTF-8"?>
<!-- Generated by org.testng.reporters.JUnitReportReporter -->
<testsuite hostname="DESKTOP-E3FNQHB" failures="0" tests="1" name="com.project.test.Test_workshift_001" time="19.984" errors="0" timestamp="2022-08-30T14:50:23 IST" skipped="0">
  <testcase classname="com.project.test.Test_workshift_001" name="workshiftTest" time="19.984"/>
  <system-out/>
</testsuite> <!-- com.project.test.Test_workshift_001 -->
