<?xml version="1.0" encoding="UTF-8"?>
<!-- Generated by org.testng.reporters.JUnitReportReporter -->
<testsuite hostname="DESKTOP-E3FNQHB" failures="0" tests="1" name="com.project.test.Test_jobcategories_001" time="17.560" errors="0" timestamp="2022-08-30T13:08:01 IST" skipped="0">
  <testcase classname="com.project.test.Test_jobcategories_001" name="jobcategoriesTest" time="17.560"/>
  <system-out/>
</testsuite> <!-- com.project.test.Test_jobcategories_001 -->
