<?xml version="1.0" encoding="UTF-8"?>
<!-- Generated by org.testng.reporters.JUnitReportReporter -->
<testsuite hostname="DESKTOP-E3FNQHB" failures="0" tests="1" name="com.project.test.Test_employment_001" time="13.967" errors="0" timestamp="2022-08-30T13:08:01 IST" skipped="0">
  <testcase classname="com.project.test.Test_employment_001" name="employmenttest" time="13.967"/>
  <system-out/>
</testsuite> <!-- com.project.test.Test_employment_001 -->
