<?xml version="1.0" encoding="UTF-8"?>
<!-- Generated by org.testng.reporters.JUnitReportReporter -->
<testsuite hostname="DESKTOP-E3FNQHB" failures="0" tests="1" name="com.project.test.Test_oraganiztion_001" time="1.154" errors="0" timestamp="2022-09-12T12:09:30 IST" skipped="0">
  <testcase classname="com.project.test.Test_oraganiztion_001" name="Structuretest" time="1.154"/>
  <system-out/>
</testsuite> <!-- com.project.test.Test_oraganiztion_001 -->
