<?xml version="1.0" encoding="UTF-8"?>
<!-- Generated by org.testng.reporters.JUnitReportReporter -->
<testsuite hostname="DESKTOP-E3FNQHB" failures="0" tests="2" name="com.project.test.Test_login_001" time="8.587" errors="0" timestamp="2022-11-04T12:02:52 IST" skipped="0">
  <testcase classname="com.project.test.Test_login_001" name="logitest" time="4.656"/>
  <system-out/>
  <testcase classname="com.project.test.Test_login_001" name="logitest" time="3.931"/>
  <system-out/>
</testsuite> <!-- com.project.test.Test_login_001 -->
