<?xml version="1.0" encoding="UTF-8"?>
<!-- Generated by org.testng.reporters.JUnitReportReporter -->
<testsuite hostname="DESKTOP-E3FNQHB" failures="0" tests="1" name="com.project.test.Test_workshift_001" time="22.899" errors="0" timestamp="2022-09-09T10:56:50 IST" skipped="0">
  <testcase classname="com.project.test.Test_workshift_001" name="workshiftTest" time="22.899"/>
  <system-out/>
</testsuite> <!-- com.project.test.Test_workshift_001 -->
