<?xml version="1.0" encoding="UTF-8"?>
<!-- Generated by org.testng.reporters.JUnitReportReporter -->
<testsuite hostname="DESKTOP-E3FNQHB" failures="0" tests="1" name="com.project.test.Test_employment_001" time="14.104" errors="0" timestamp="2022-09-01T10:33:42 IST" skipped="0">
  <testcase classname="com.project.test.Test_employment_001" name="employmenttest" time="14.104"/>
  <system-out/>
</testsuite> <!-- com.project.test.Test_employment_001 -->
