<?xml version="1.0" encoding="UTF-8"?>
<!-- Generated by org.testng.reporters.JUnitReportReporter -->
<testsuite hostname="DESKTOP-E3FNQHB" failures="0" tests="1" name="com.project.test.Test_commonpage_001" time="0.933" errors="0" timestamp="2022-09-01T12:59:06 IST" skipped="0">
  <testcase classname="com.project.test.Test_commonpage_001" name="commontest" time="0.933"/>
  <system-out/>
</testsuite> <!-- com.project.test.Test_commonpage_001 -->
