<?xml version="1.0" encoding="UTF-8"?>
<!-- Generated by org.testng.reporters.JUnitReportReporter -->
<testsuite hostname="DESKTOP-E3FNQHB" failures="0" tests="1" name="com.project.test.Test_job_001" time="14.022" errors="0" timestamp="2022-09-09T10:56:50 IST" skipped="0">
  <testcase classname="com.project.test.Test_job_001" name="addjobtest" time="14.022"/>
  <system-out/>
</testsuite> <!-- com.project.test.Test_job_001 -->
