<?xml version="1.0" encoding="UTF-8"?>
<!-- Generated by org.testng.reporters.JUnitReportReporter -->
<testsuite hostname="DESKTOP-E3FNQHB" failures="0" tests="2" name="com.project.test.Test_commonpage_001" time="4.332" errors="0" timestamp="2022-11-04T12:02:52 IST" skipped="0">
  <testcase classname="com.project.test.Test_commonpage_001" name="commontest" time="1.104"/>
  <system-out/>
  <testcase classname="com.project.test.Test_commonpage_001" name="commontest" time="3.228"/>
  <system-out/>
</testsuite> <!-- com.project.test.Test_commonpage_001 -->
